# JRE version: Java(TM) SE Runtime Environment (17.0.6+9) (build 17.0.6+9-LTS-190)
# Java VM: Java HotSpot(TM) 64-Bit Server VM (17.0.6+9-LTS-190, mixed mode, sharing, tiered, compressed oops, compressed class ptrs, g1 gc, windows-amd64)
GC Precious Log:
 CPUs: 4 total, 4 available
 Memory: 3993M
 Large Page Support: Disabled
 NUMA Support: Disabled
 Compressed Oops: Enabled (32-bit)
 Heap Region Size: 1M
 Heap Min Capacity: 8M
 Heap Initial Capacity: 64M
 Heap Max Capacity: 1000M
 Pre-touch: Disabled
 Parallel Workers: 4
 Concurrent Workers: 1
 Concurrent Refinement Workers: 4
 Periodic GC: Disabled
Heap:
 garbage-first heap   total 92160K, used 29022K [0x00000000c1800000, 0x0000000100000000)
  region size 1024K, 12 young (12288K), 2 survivors (2048K)
 Metaspace       used 25667K, committed 26048K, reserved 1073152K
  class space    used 3060K, committed 3264K, reserved 1048576K
GC Heap History (16 events):
Event: 0.581 GC heap before
{Heap before GC invocations=0 (full 0):
 garbage-first heap   total 65536K, used 12288K [0x00000000c1800000, 0x0000000100000000)
  region size 1024K, 13 young (13312K), 0 survivors (0K)
 Metaspace       used 3756K, committed 3904K, reserved 1056768K
  class space    used 407K, committed 448K, reserved 1048576K
}
Event: 0.589 GC heap after
{Heap after GC invocations=1 (full 0):
 garbage-first heap   total 65536K, used 3280K [0x00000000c1800000, 0x0000000100000000)
  region size 1024K, 2 young (2048K), 2 survivors (2048K)
 Metaspace       used 3756K, committed 3904K, reserved 1056768K
  class space    used 407K, committed 448K, reserved 1048576K
}
Event: 0.934 GC heap before
{Heap before GC invocations=1 (full 0):
 garbage-first heap   total 65536K, used 16592K [0x00000000c1800000, 0x0000000100000000)
  region size 1024K, 15 young (15360K), 2 survivors (2048K)
 Metaspace       used 5672K, committed 5824K, reserved 1056768K
  class space    used 687K, committed 768K, reserved 1048576K
}
Event: 0.941 GC heap after
{Heap after GC invocations=2 (full 0):
 garbage-first heap   total 65536K, used 4176K [0x00000000c1800000, 0x0000000100000000)
  region size 1024K, 1 young (1024K), 1 survivors (1024K)
 Metaspace       used 5672K, committed 5824K, reserved 1056768K
  class space    used 687K, committed 768K, reserved 1048576K
}
Event: 1.695 GC heap before
{Heap before GC invocations=2 (full 0):
 garbage-first heap   total 65536K, used 28752K [0x00000000c1800000, 0x0000000100000000)
  region size 1024K, 26 young (26624K), 1 survivors (1024K)
 Metaspace       used 9634K, committed 9856K, reserved 1064960K
  class space    used 1178K, committed 1280K, reserved 1048576K
}
Event: 1.702 GC heap after
{Heap after GC invocations=3 (full 0):
 garbage-first heap   total 65536K, used 5489K [0x00000000c1800000, 0x0000000100000000)
  region size 1024K, 2 young (2048K), 2 survivors (2048K)
 Metaspace       used 9634K, committed 9856K, reserved 1064960K
  class space    used 1178K, committed 1280K, reserved 1048576K
}
Event: 3.723 GC heap before
{Heap before GC invocations=3 (full 0):
 garbage-first heap   total 65536K, used 42353K [0x00000000c1800000, 0x0000000100000000)
  region size 1024K, 38 young (38912K), 2 survivors (2048K)
 Metaspace       used 15099K, committed 15296K, reserved 1064960K
  class space    used 1832K, committed 1920K, reserved 1048576K
}
Event: 3.739 GC heap after
{Heap after GC invocations=4 (full 0):
 garbage-first heap   total 65536K, used 8520K [0x00000000c1800000, 0x0000000100000000)
  region size 1024K, 5 young (5120K), 5 survivors (5120K)
 Metaspace       used 15099K, committed 15296K, reserved 1064960K
  class space    used 1832K, committed 1920K, reserved 1048576K
}
Event: 4.611 GC heap before
{Heap before GC invocations=4 (full 0):
 garbage-first heap   total 65536K, used 31048K [0x00000000c1800000, 0x0000000100000000)
  region size 1024K, 28 young (28672K), 5 survivors (5120K)
 Metaspace       used 21239K, committed 21504K, reserved 1073152K
  class space    used 2571K, committed 2752K, reserved 1048576K
}
Event: 4.630 GC heap after
{Heap after GC invocations=5 (full 0):
 garbage-first heap   total 65536K, used 11043K [0x00000000c1800000, 0x0000000100000000)
  region size 1024K, 3 young (3072K), 3 survivors (3072K)
 Metaspace       used 21239K, committed 21504K, reserved 1073152K
  class space    used 2571K, committed 2752K, reserved 1048576K
}
Event: 5.177 GC heap before
{Heap before GC invocations=6 (full 0):
 garbage-first heap   total 40960K, used 32547K [0x00000000c1800000, 0x0000000100000000)
  region size 1024K, 24 young (24576K), 3 survivors (3072K)
 Metaspace       used 24221K, committed 24512K, reserved 1073152K
  class space    used 2904K, committed 3072K, reserved 1048576K
}
Event: 5.195 GC heap after
{Heap after GC invocations=7 (full 0):
 garbage-first heap   total 40960K, used 15674K [0x00000000c1800000, 0x0000000100000000)
  region size 1024K, 3 young (3072K), 3 survivors (3072K)
 Metaspace       used 24221K, committed 24512K, reserved 1073152K
  class space    used 2904K, committed 3072K, reserved 1048576K
}
Event: 5.206 GC heap before
{Heap before GC invocations=7 (full 0):
 garbage-first heap   total 40960K, used 16698K [0x00000000c1800000, 0x0000000100000000)
  region size 1024K, 4 young (4096K), 3 survivors (3072K)
 Metaspace       used 24228K, committed 24512K, reserved 1073152K
  class space    used 2905K, committed 3072K, reserved 1048576K
}
Event: 5.222 GC heap after
{Heap after GC invocations=8 (full 0):
 garbage-first heap   total 40960K, used 16276K [0x00000000c1800000, 0x0000000100000000)
  region size 1024K, 1 young (1024K), 1 survivors (1024K)
 Metaspace       used 24228K, committed 24512K, reserved 1073152K
  class space    used 2905K, committed 3072K, reserved 1048576K
}
Event: 5.453 GC heap before
{Heap before GC invocations=8 (full 0):
 garbage-first heap   total 40960K, used 29588K [0x00000000c1800000, 0x0000000100000000)
  region size 1024K, 13 young (13312K), 1 survivors (1024K)
 Metaspace       used 25138K, committed 25472K, reserved 1073152K
  class space    used 3015K, committed 3200K, reserved 1048576K
}
Event: 5.460 GC heap after
{Heap after GC invocations=9 (full 0):
 garbage-first heap   total 92160K, used 19806K [0x00000000c1800000, 0x0000000100000000)
  region size 1024K, 2 young (2048K), 2 survivors (2048K)
 Metaspace       used 25138K, committed 25472K, reserved 1073152K
  class space    used 3015K, committed 3200K, reserved 1048576K
}

